生成启动时间为 2020/1/24 20:26:11。
     1>项目“D:\A比特作业\寒假练习\day6\day6\day6.vcxproj”在节点 2 上(Build 个目标)。
     1>ClCompile:
         D:\vc2013\VC\bin\CL.exe /c /ZI /nologo /W3 /WX- /Od /Oy- /D WIN32 /D _DEBUG /D _CONSOLE /D _LIB /D _UNICODE /D UNICODE /Gm /EHsc /RTC1 /MDd /GS /fp:precise /Zc:wchar_t /Zc:forScope /Fo"Debug\\" /Fd"Debug\vc120.pdb" /Gd /TC /analyze- /errorReport:prompt test.c
         test.c
     1>d:\a比特作业\寒假练习\day6\day6\test.c(86): error C2057: 应输入常量表达式
     1>d:\a比特作业\寒假练习\day6\day6\test.c(86): error C2466: 不能分配常量大小为 0 的数组
     1>d:\a比特作业\寒假练习\day6\day6\test.c(86): error C2133: “str”: 未知的大小
     1>已完成生成项目“D:\A比特作业\寒假练习\day6\day6\day6.vcxproj”(Build 个目标)的操作 - 失败。

生成失败。

已用时间 00:00:00.22
