生成启动时间为 2019/11/14 15:23:47。
     1>项目“D:\a蓝桥杯\练习题目\exercises_day5\exercises_day5\exercises_day5\exercises_day5.vcxproj”在节点 2 上(Build 个目标)。
     1>ClCompile:
         D:\vc2013\VC\bin\CL.exe /c /ZI /nologo /W3 /WX- /sdl /Od /Oy- /D WIN32 /D _DEBUG /D _CONSOLE /D _LIB /D _UNICODE /D UNICODE /Gm /EHsc /RTC1 /MDd /GS /fp:precise /Zc:wchar_t /Zc:forScope /Fo"Debug\\" /Fd"Debug\vc120.pdb" /Gd /TC /analyze- /errorReport:prompt Test.c
         Test.c
     1>d:\a蓝桥杯\练习题目\exercises_day5\exercises_day5\exercises_day5\test.c(11): warning C4013: “assert”未定义；假设外部返回 int
     1>d:\a蓝桥杯\练习题目\exercises_day5\exercises_day5\exercises_day5\test.c(12): warning C4013: “CheckCapacity”未定义；假设外部返回 int
       Link:
         D:\vc2013\VC\bin\link.exe /ERRORREPORT:PROMPT /OUT:"D:\a蓝桥杯\练习题目\exercises_day5\exercises_day5\Debug\exercises_day5.exe" /INCREMENTAL /NOLOGO kernel32.lib user32.lib gdi32.lib winspool.lib comdlg32.lib advapi32.lib shell32.lib ole32.lib oleaut32.lib uuid.lib odbc32.lib odbccp32.lib /MANIFEST /MANIFESTUAC:"level='asInvoker' uiAccess='false'" /manifest:embed /DEBUG /PDB:"D:\a蓝桥杯\练习题目\exercises_day5\exercises_day5\Debug\exercises_day5.pdb" /SUBSYSTEM:CONSOLE /TLBID:1 /DYNAMICBASE /NXCOMPAT /IMPLIB:"D:\a蓝桥杯\练习题目\exercises_day5\exercises_day5\Debug\exercises_day5.lib" /MACHINE:X86 Debug\Test.obj
     1>Test.obj : error LNK2019: 无法解析的外部符号 _assert，该符号在函数 _SeqListInit 中被引用
     1>Test.obj : error LNK2019: 无法解析的外部符号 _CheckCapacity，该符号在函数 _SeqListPushBack 中被引用
     1>D:\a蓝桥杯\练习题目\exercises_day5\exercises_day5\Debug\exercises_day5.exe : fatal error LNK1120: 2 个无法解析的外部命令
     1>已完成生成项目“D:\a蓝桥杯\练习题目\exercises_day5\exercises_day5\exercises_day5\exercises_day5.vcxproj”(Build 个目标)的操作 - 失败。

生成失败。

已用时间 00:00:01.47
